{"numTotalTestSuites":29,"numPassedTestSuites":29,"numFailedTestSuites":0,"numPendingTestSuites":0,"numTotalTests":121,"numPassedTests":121,"numFailedTests":0,"numPendingTests":0,"numTodoTests":0,"snapshot":{"added":0,"failure":false,"filesAdded":0,"filesRemoved":0,"filesRemovedList":[],"filesUnmatched":0,"filesUpdated":0,"matched":0,"total":0,"unchecked":0,"uncheckedKeysByFile":[],"unmatched":0,"updated":0,"didUpdate":false},"startTime":1790270938018,"success":true,"testResults":[{"assertionResults":[{"ancestorTitles":["POST /sign-in/back-channel-logout"],"fullName":"POST /sign-in/back-channel-logout returns 400 when logout_token is missing","status":"passed","title":"returns 400 when logout_token is missing","duration":6.570599999999786,"failureMessages":[],"meta":{}},{"ancestorTitles":["POST /sign-in/back-channel-logout"],"fullName":"POST /sign-in/back-channel-logout returns 400 when verification fails","status":"passed","title":"returns 400 when verification fails","duration":0.9697000000001026,"failureMessages":[],"meta":{}},{"ancestorTitles":["POST /sign-in/back-channel-logout"],"fullName":"POST /sign-in/back-channel-logout returns 204 for replayed logout tokens (idempotent)","status":"passed","title":"returns 204 for replayed logout tokens (idempotent)","duration":1.9583000000000084,"failureMessages":[],"meta":{}},{"ancestorTitles":["POST /sign-in/back-channel-logout"],"fullName":"POST /sign-in/back-channel-logout returns 500 when revocation persistence fails","status":"passed","title":"returns 500 when revocation persistence fails","duration":0.8173999999999069,"failureMessages":[],"meta":{}},{"ancestorTitles":["POST /sign-in/back-channel-logout"],"fullName":"POST /sign-in/back-channel-logout returns 204 when revocation marker is stored","status":"passed","title":"returns 204 when revocation marker is stored","duration":0.723700000000008,"failureMessages":[],"meta":{}},{"ancestorTitles":["POST /sign-in/back-channel-logout"],"fullName":"POST /sign-in/back-channel-logout passes sid through for session-targeted revocation when present in the logout token payload","status":"passed","title":"passes sid through for session-targeted revocation when present in the logout token payload","duration":0.6683000000000447,"failureMessages":[],"meta":{}}],"startTime":1790270939537,"endTime":1790270939549.6682,"status":"passed","message":"","name":"C:/Users/dulmi/Documents/GitHub/app.geo.ca-v2/packages/web-app/src/lib/tests/back-channel-logout-route.test.ts"},{"assertionResults":[{"ancestorTitles":["verifyBackChannelLogoutToken"],"fullName":"verifyBackChannelLogoutToken accepts a valid RS256 back-channel logout token","status":"passed","title":"accepts a valid RS256 back-channel logout token","duration":52.81029999999987,"failureMessages":[],"meta":{}},{"ancestorTitles":["verifyBackChannelLogoutToken"],"fullName":"verifyBackChannelLogoutToken rejects tokens with the wrong audience","status":"passed","title":"rejects tokens with the wrong audience","duration":158.06769999999983,"failureMessages":[],"meta":{}},{"ancestorTitles":["verifyBackChannelLogoutToken"],"fullName":"verifyBackChannelLogoutToken rejects tokens without the required back-channel logout event claim","status":"passed","title":"rejects tokens without the required back-channel logout event claim","duration":150.06420000000026,"failureMessages":[],"meta":{}},{"ancestorTitles":["verifyBackChannelLogoutToken"],"fullName":"verifyBackChannelLogoutToken rejects tokens without a JTI claim","status":"passed","title":"rejects tokens without a JTI claim","duration":81.85309999999981,"failureMessages":[],"meta":{}},{"ancestorTitles":["verifyBackChannelLogoutToken"],"fullName":"verifyBackChannelLogoutToken rejects tokens signed with unsupported JWT alg header","status":"passed","title":"rejects tokens signed with unsupported JWT alg header","duration":204.57850000000008,"failureMessages":[],"meta":{}},{"ancestorTitles":["verifyBackChannelLogoutToken"],"fullName":"verifyBackChannelLogoutToken accepts a back-channel logout token without kid in the header","status":"passed","title":"accepts a back-channel logout token without kid in the header","duration":33.472499999999854,"failureMessages":[],"meta":{}},{"ancestorTitles":["verifyBackChannelLogoutToken"],"fullName":"verifyBackChannelLogoutToken accepts a back-channel logout token when sid is present","status":"passed","title":"accepts a back-channel logout token when sid is present","duration":229.1197000000002,"failureMessages":[],"meta":{}},{"ancestorTitles":["verifyBackChannelLogoutToken"],"fullName":"verifyBackChannelLogoutToken rejects a back-channel logout token when nonce is present","status":"passed","title":"rejects a back-channel logout token when nonce is present","duration":73.53629999999976,"failureMessages":[],"meta":{}}],"startTime":1790270940049,"endTime":1790270941050.5364,"status":"passed","message":"","name":"C:/Users/dulmi/Documents/GitHub/app.geo.ca-v2/packages/web-app/src/lib/tests/back-channel-logout.test.ts"},{"assertionResults":[{"ancestorTitles":["createClientAssertionJwt"],"fullName":"createClientAssertionJwt creates a valid RS256 JWT assertion","status":"passed","title":"creates a valid RS256 JWT assertion","duration":45.09789999999998,"failureMessages":[],"meta":{}},{"ancestorTitles":["createClientAssertionJwt"],"fullName":"createClientAssertionJwt includes x5t#S256 when provided","status":"passed","title":"includes x5t#S256 when provided","duration":50.21180000000004,"failureMessages":[],"meta":{}},{"ancestorTitles":["createClientAssertionJwt"],"fullName":"createClientAssertionJwt sets correct expiration time (iat + 300 seconds)","status":"passed","title":"sets correct expiration time (iat + 300 seconds)","duration":130.23430000000008,"failureMessages":[],"meta":{}},{"ancestorTitles":["createClientAssertionJwt"],"fullName":"createClientAssertionJwt includes the correct issuer and subject claims","status":"passed","title":"includes the correct issuer and subject claims","duration":134.29880000000003,"failureMessages":[],"meta":{}},{"ancestorTitles":["createClientAssertionJwt"],"fullName":"createClientAssertionJwt includes the token endpoint URL as the audience claim","status":"passed","title":"includes the token endpoint URL as the audience claim","duration":243.3826999999999,"failureMessages":[],"meta":{}},{"ancestorTitles":["createClientAssertionJwt"],"fullName":"createClientAssertionJwt produces different signatures for different private keys","status":"passed","title":"produces different signatures for different private keys","duration":238.3777,"failureMessages":[],"meta":{}},{"ancestorTitles":["createClientAssertionJwt"],"fullName":"createClientAssertionJwt throws error for invalid private key format","status":"passed","title":"throws error for invalid private key format","duration":3.2543000000000575,"failureMessages":[],"meta":{}},{"ancestorTitles":["createClientAssertionJwt"],"fullName":"createClientAssertionJwt handles special characters in client ID and URL","status":"passed","title":"handles special characters in client ID and URL","duration":239.4767999999999,"failureMessages":[],"meta":{}},{"ancestorTitles":["createClientAssertionJwt"],"fullName":"createClientAssertionJwt produces unique assertions for the same timestamp because jti is unique","status":"passed","title":"produces unique assertions for the same timestamp because jti is unique","duration":102.24659999999994,"failureMessages":[],"meta":{}},{"ancestorTitles":["createClientAssertionJwt"],"fullName":"createClientAssertionJwt includes kid header when provided","status":"passed","title":"includes kid header when provided","duration":72.14620000000014,"failureMessages":[],"meta":{}},{"ancestorTitles":["createClientAssertionJwt"],"fullName":"createClientAssertionJwt omits kid header when not provided","status":"passed","title":"omits kid header when not provided","duration":27.96900000000005,"failureMessages":[],"meta":{}}],"startTime":1790270939737,"endTime":1790270941024.969,"status":"passed","message":"","name":"C:/Users/dulmi/Documents/GitHub/app.geo.ca-v2/packages/web-app/src/lib/tests/client-assertion.test.ts"},{"assertionResults":[{"ancestorTitles":["GET /sign-in/front-channel-logout"],"fullName":"GET /sign-in/front-channel-logout returns 204 without redirecting even when redirect-like query parameters are present","status":"passed","title":"returns 204 without redirecting even when redirect-like query parameters are present","duration":3.325399999999945,"failureMessages":[],"meta":{}},{"ancestorTitles":["GET /sign-in/front-channel-logout"],"fullName":"GET /sign-in/front-channel-logout returns 204 and clears auth cookies when sid is present","status":"passed","title":"returns 204 and clears auth cookies when sid is present","duration":0.4154999999998381,"failureMessages":[],"meta":{}},{"ancestorTitles":["GET /sign-in/front-channel-logout"],"fullName":"GET /sign-in/front-channel-logout returns 204 and clears auth cookies when logout marker is present","status":"passed","title":"returns 204 and clears auth cookies when logout marker is present","duration":0.3546999999998661,"failureMessages":[],"meta":{}}],"startTime":1790270939712,"endTime":1790270939716.4155,"status":"passed","message":"","name":"C:/Users/dulmi/Documents/GitHub/app.geo.ca-v2/packages/web-app/src/lib/tests/front-channel-logout-route.test.ts"},{"assertionResults":[{"ancestorTitles":["verifyIdToken"],"fullName":"verifyIdToken accepts a valid RS256 ID token","status":"passed","title":"accepts a valid RS256 ID token","duration":158.53750000000014,"failureMessages":[],"meta":{}},{"ancestorTitles":["verifyIdToken"],"fullName":"verifyIdToken rejects expired tokens","status":"passed","title":"rejects expired tokens","duration":84.56809999999996,"failureMessages":[],"meta":{}},{"ancestorTitles":["verifyIdToken"],"fullName":"verifyIdToken accepts tokens that expired within the allowed clock skew window","status":"passed","title":"accepts tokens that expired within the allowed clock skew window","duration":191.57839999999987,"failureMessages":[],"meta":{}},{"ancestorTitles":["verifyIdToken"],"fullName":"verifyIdToken rejects tokens when nonce does not match expected value","status":"passed","title":"rejects tokens when nonce does not match expected value","duration":91.4360999999999,"failureMessages":[],"meta":{}},{"ancestorTitles":["verifyIdToken"],"fullName":"verifyIdToken rejects tokens without nonce claim when an expected nonce is provided","status":"passed","title":"rejects tokens without nonce claim when an expected nonce is provided","duration":258.4955,"failureMessages":[],"meta":{}},{"ancestorTitles":["verifyIdToken"],"fullName":"verifyIdToken accepts token issuer from discovery when custom domain differs","status":"passed","title":"accepts token issuer from discovery when custom domain differs","duration":166.67700000000013,"failureMessages":[],"meta":{}},{"ancestorTitles":["verifyIdToken"],"fullName":"verifyIdToken rejects token when discovery is missing issuer and jwks_uri","status":"passed","title":"rejects token when discovery is missing issuer and jwks_uri","duration":209.4698000000003,"failureMessages":[],"meta":{}},{"ancestorTitles":["verifyIdToken"],"fullName":"verifyIdToken accepts token when the first discovery path is partial and the second path provides complete metadata","status":"passed","title":"accepts token when the first discovery path is partial and the second path provides complete metadata","duration":77.69939999999997,"failureMessages":[],"meta":{}},{"ancestorTitles":["verifyIdToken"],"fullName":"verifyIdToken accepts token when nbf is slightly in the future but within allowed clock skew","status":"passed","title":"accepts token when nbf is slightly in the future but within allowed clock skew","duration":17.48829999999998,"failureMessages":[],"meta":{}},{"ancestorTitles":["verifyIdToken"],"fullName":"verifyIdToken rejects token when nbf is too far in the future","status":"passed","title":"rejects token when nbf is too far in the future","duration":25.095600000000104,"failureMessages":[],"meta":{}},{"ancestorTitles":["verifyIdToken"],"fullName":"verifyIdToken rejects token when iat is too far in the future","status":"passed","title":"rejects token when iat is too far in the future","duration":53.64820000000009,"failureMessages":[],"meta":{}},{"ancestorTitles":["verifyIdToken"],"fullName":"verifyIdToken accepts token when email scope is requested and email claim shape is valid","status":"passed","title":"accepts token when email scope is requested and email claim shape is valid","duration":85.24629999999979,"failureMessages":[],"meta":{}},{"ancestorTitles":["verifyIdToken"],"fullName":"verifyIdToken rejects token when email scope is requested and email claim type is invalid","status":"passed","title":"rejects token when email scope is requested and email claim type is invalid","duration":36.66130000000021,"failureMessages":[],"meta":{}},{"ancestorTitles":["verifyIdToken"],"fullName":"verifyIdToken rejects token when audience does not include client id","status":"passed","title":"rejects token when audience does not include client id","duration":36.74890000000005,"failureMessages":[],"meta":{}},{"ancestorTitles":["verifyIdToken"],"fullName":"verifyIdToken rejects token when issuer does not match discovery issuer","status":"passed","title":"rejects token when issuer does not match discovery issuer","duration":44.79300000000012,"failureMessages":[],"meta":{}},{"ancestorTitles":["verifyIdToken"],"fullName":"verifyIdToken rejects token when signature is invalid for the advertised key","status":"passed","title":"rejects token when signature is invalid for the advertised key","duration":66.98550000000023,"failureMessages":[],"meta":{}},{"ancestorTitles":["verifyIdToken"],"fullName":"verifyIdToken rejects token when all JWKS candidate fetches fail","status":"passed","title":"rejects token when all JWKS candidate fetches fail","duration":45.5299,"failureMessages":[],"meta":{}},{"ancestorTitles":["verifyIdToken"],"fullName":"verifyIdToken rejects token when jwks does not contain the signing kid","status":"passed","title":"rejects token when jwks does not contain the signing kid","duration":66.43899999999985,"failureMessages":[],"meta":{}}],"startTime":1790270940043,"endTime":1790270941762.439,"status":"passed","message":"","name":"C:/Users/dulmi/Documents/GitHub/app.geo.ca-v2/packages/web-app/src/lib/tests/id-token-verification.test.ts"},{"assertionResults":[{"ancestorTitles":["getAudienceValues"],"fullName":"getAudienceValues wraps a single string audience in an array","status":"passed","title":"wraps a single string audience in an array","duration":1.9891000000000076,"failureMessages":[],"meta":{}},{"ancestorTitles":["getAudienceValues"],"fullName":"getAudienceValues filters an array audience down to string values","status":"passed","title":"filters an array audience down to string values","duration":0.30169999999998254,"failureMessages":[],"meta":{}},{"ancestorTitles":["getAudienceValues"],"fullName":"getAudienceValues returns an empty array for non-string, non-array values","status":"passed","title":"returns an empty array for non-string, non-array values","duration":0.31169999999997344,"failureMessages":[],"meta":{}},{"ancestorTitles":["issuerMatches"],"fullName":"issuerMatches matches when the issuer equals the expected issuer","status":"passed","title":"matches when the issuer equals the expected issuer","duration":0.5943999999999505,"failureMessages":[],"meta":{}},{"ancestorTitles":["issuerMatches"],"fullName":"issuerMatches normalizes a trailing slash on the token issuer before comparing","status":"passed","title":"normalizes a trailing slash on the token issuer before comparing","duration":0.1652000000001408,"failureMessages":[],"meta":{}},{"ancestorTitles":["issuerMatches"],"fullName":"issuerMatches rejects a mismatched issuer","status":"passed","title":"rejects a mismatched issuer","duration":0.1450999999999567,"failureMessages":[],"meta":{}},{"ancestorTitles":["issuerMatches"],"fullName":"issuerMatches rejects a non-string issuer claim","status":"passed","title":"rejects a non-string issuer claim","duration":0.14689999999995962,"failureMessages":[],"meta":{}},{"ancestorTitles":["hasValidExp"],"fullName":"hasValidExp accepts a future expiration","status":"passed","title":"accepts a future expiration","duration":0.16970000000014807,"failureMessages":[],"meta":{}},{"ancestorTitles":["hasValidExp"],"fullName":"hasValidExp accepts an expiration just within the clock skew window","status":"passed","title":"accepts an expiration just within the clock skew window","duration":0.1392000000000735,"failureMessages":[],"meta":{}},{"ancestorTitles":["hasValidExp"],"fullName":"hasValidExp rejects an expiration beyond the clock skew window","status":"passed","title":"rejects an expiration beyond the clock skew window","duration":0.21149999999988722,"failureMessages":[],"meta":{}},{"ancestorTitles":["hasValidExp"],"fullName":"hasValidExp rejects a non-numeric exp","status":"passed","title":"rejects a non-numeric exp","duration":0.14059999999994943,"failureMessages":[],"meta":{}},{"ancestorTitles":["hasNumericIat"],"fullName":"hasNumericIat accepts a past issued-at time","status":"passed","title":"accepts a past issued-at time","duration":0.16719999999986612,"failureMessages":[],"meta":{}},{"ancestorTitles":["hasNumericIat"],"fullName":"hasNumericIat accepts an issued-at time just within the clock skew window","status":"passed","title":"accepts an issued-at time just within the clock skew window","duration":0.11149999999997817,"failureMessages":[],"meta":{}},{"ancestorTitles":["hasNumericIat"],"fullName":"hasNumericIat rejects an issued-at time implausibly far in the future","status":"passed","title":"rejects an issued-at time implausibly far in the future","duration":0.08759999999983847,"failureMessages":[],"meta":{}},{"ancestorTitles":["hasNumericIat"],"fullName":"hasNumericIat rejects a non-numeric iat","status":"passed","title":"rejects a non-numeric iat","duration":0.0887000000000171,"failureMessages":[],"meta":{}},{"ancestorTitles":["hasValidNbf"],"fullName":"hasValidNbf accepts a missing nbf claim","status":"passed","title":"accepts a missing nbf claim","duration":0.1269999999999527,"failureMessages":[],"meta":{}},{"ancestorTitles":["hasValidNbf"],"fullName":"hasValidNbf accepts an nbf within the clock skew window","status":"passed","title":"accepts an nbf within the clock skew window","duration":0.14049999999997453,"failureMessages":[],"meta":{}},{"ancestorTitles":["hasValidNbf"],"fullName":"hasValidNbf rejects an nbf implausibly far in the future","status":"passed","title":"rejects an nbf implausibly far in the future","duration":0.09699999999997999,"failureMessages":[],"meta":{}},{"ancestorTitles":["hasValidNbf"],"fullName":"hasValidNbf rejects a non-numeric nbf","status":"passed","title":"rejects a non-numeric nbf","duration":0.09580000000005384,"failureMessages":[],"meta":{}}],"startTime":1790270939870,"endTime":1790270939876.0957,"status":"passed","message":"","name":"C:/Users/dulmi/Documents/GitHub/app.geo.ca-v2/packages/web-app/src/lib/tests/oidc-claims.test.ts"},{"assertionResults":[{"ancestorTitles":["exchangeCodeForTokens"],"fullName":"exchangeCodeForTokens fails closed outside localhost when OIDC_USE_PRIVATE_KEY_JWT is true and no private key is available","status":"passed","title":"fails closed outside localhost when OIDC_USE_PRIVATE_KEY_JWT is true and no private key is available","duration":3.3998999999998887,"failureMessages":[],"meta":{}},{"ancestorTitles":["exchangeCodeForTokens"],"fullName":"exchangeCodeForTokens allows localhost fallback to client_secret_post even when OIDC_USE_PRIVATE_KEY_JWT is true","status":"passed","title":"allows localhost fallback to client_secret_post even when OIDC_USE_PRIVATE_KEY_JWT is true","duration":2.539099999999962,"failureMessages":[],"meta":{}},{"ancestorTitles":["exchangeCodeForTokens"],"fullName":"exchangeCodeForTokens uses private_key_jwt when a private key is provided","status":"passed","title":"uses private_key_jwt when a private key is provided","duration":1.8478000000000065,"failureMessages":[],"meta":{}},{"ancestorTitles":["exchangeCodeForTokens"],"fullName":"exchangeCodeForTokens uses configured token endpoint and jwt kid when provided","status":"passed","title":"uses configured token endpoint and jwt kid when provided","duration":0.8335999999999331,"failureMessages":[],"meta":{}},{"ancestorTitles":["exchangeCodeForTokens"],"fullName":"exchangeCodeForTokens returns null when code_verifier is missing","status":"passed","title":"returns null when code_verifier is missing","duration":0.5698999999999614,"failureMessages":[],"meta":{}},{"ancestorTitles":["exchangeCodeForTokens"],"fullName":"exchangeCodeForTokens rejects a non-HTTPS token endpoint (DR8)","status":"passed","title":"rejects a non-HTTPS token endpoint (DR8)","duration":1.0230000000001382,"failureMessages":[],"meta":{}},{"ancestorTitles":["exchangeCodeForTokens"],"fullName":"exchangeCodeForTokens returns null when token endpoint returns a non-2xx response","status":"passed","title":"returns null when token endpoint returns a non-2xx response","duration":2.346699999999828,"failureMessages":[],"meta":{}},{"ancestorTitles":["exchangeCodeForTokens"],"fullName":"exchangeCodeForTokens returns null when token endpoint returns a non-2xx response with a non-JSON body","status":"passed","title":"returns null when token endpoint returns a non-2xx response with a non-JSON body","duration":0.706899999999905,"failureMessages":[],"meta":{}},{"ancestorTitles":["exchangeCodeForTokens"],"fullName":"exchangeCodeForTokens returns null when a successful token response body cannot be parsed as JSON","status":"passed","title":"returns null when a successful token response body cannot be parsed as JSON","duration":0.6302999999998065,"failureMessages":[],"meta":{}},{"ancestorTitles":["exchangeCodeForTokens"],"fullName":"exchangeCodeForTokens returns null when token endpoint request throws","status":"passed","title":"returns null when token endpoint request throws","duration":0.5667999999998301,"failureMessages":[],"meta":{}},{"ancestorTitles":["exchangeCodeForTokens"],"fullName":"exchangeCodeForTokens exchanges a refresh token using the configured client authentication","status":"passed","title":"exchanges a refresh token using the configured client authentication","duration":0.7324999999998454,"failureMessages":[],"meta":{}},{"ancestorTitles":["exchangeCodeForTokens"],"fullName":"exchangeCodeForTokens returns null and logs when the refresh token is missing","status":"passed","title":"returns null and logs when the refresh token is missing","duration":0.7186999999998989,"failureMessages":[],"meta":{}},{"ancestorTitles":["exchangeCodeForTokens"],"fullName":"exchangeCodeForTokens fails closed outside localhost when OIDC_USE_PRIVATE_KEY_JWT is true and no private key is available","status":"passed","title":"fails closed outside localhost when OIDC_USE_PRIVATE_KEY_JWT is true and no private key is available","duration":0.7163000000000466,"failureMessages":[],"meta":{}},{"ancestorTitles":["exchangeCodeForTokens"],"fullName":"exchangeCodeForTokens returns null and logs when neither a private key nor a client secret is configured","status":"passed","title":"returns null and logs when neither a private key nor a client secret is configured","duration":0.8270999999999731,"failureMessages":[],"meta":{}},{"ancestorTitles":["exchangeCodeForTokens"],"fullName":"exchangeCodeForTokens returns null and logs when the token endpoint returns a non-2xx response","status":"passed","title":"returns null and logs when the token endpoint returns a non-2xx response","duration":0.8223000000000411,"failureMessages":[],"meta":{}},{"ancestorTitles":["exchangeCodeForTokens"],"fullName":"exchangeCodeForTokens returns null and logs when the token endpoint request throws","status":"passed","title":"returns null and logs when the token endpoint request throws","duration":0.6503000000000156,"failureMessages":[],"meta":{}}],"startTime":1790270939929,"endTime":1790270939947.8223,"status":"passed","message":"","name":"C:/Users/dulmi/Documents/GitHub/app.geo.ca-v2/packages/web-app/src/lib/tests/sign-in-core-token-exchange.test.ts"},{"assertionResults":[{"ancestorTitles":["sign-in-core helpers"],"fullName":"sign-in-core helpers creates the RFC7636 S256 code challenge from a known verifier","status":"passed","title":"creates the RFC7636 S256 code challenge from a known verifier","duration":2.392699999999877,"failureMessages":[],"meta":{}},{"ancestorTitles":["sign-in-core helpers"],"fullName":"sign-in-core helpers creates unique OIDC state tokens with at least 128 bits of entropy","status":"passed","title":"creates unique OIDC state tokens with at least 128 bits of entropy","duration":1.471900000000005,"failureMessages":[],"meta":{}},{"ancestorTitles":["sign-in-core helpers"],"fullName":"sign-in-core helpers consumes and clears the PKCE verifier cookie","status":"passed","title":"consumes and clears the PKCE verifier cookie","duration":1.3529000000000906,"failureMessages":[],"meta":{}},{"ancestorTitles":["sign-in-core helpers"],"fullName":"sign-in-core helpers clears the nonce cookie even when the value is missing","status":"passed","title":"clears the nonce cookie even when the value is missing","duration":0.5740000000000691,"failureMessages":[],"meta":{}},{"ancestorTitles":["sign-in-core helpers"],"fullName":"sign-in-core helpers builds authorize URL with configured requested scopes","status":"passed","title":"builds authorize URL with configured requested scopes","duration":2.082100000000082,"failureMessages":[],"meta":{}},{"ancestorTitles":["sign-in-core helpers"],"fullName":"sign-in-core helpers sets ui_locales to fr-CA when the send route is French","status":"passed","title":"sets ui_locales to fr-CA when the send route is French","duration":0.6503999999999905,"failureMessages":[],"meta":{}},{"ancestorTitles":["sign-in-core helpers"],"fullName":"sign-in-core helpers uses the fixed post_logout_redirect_uri and assigns French ui_locales for French logout (variant 4c: client_id)","status":"passed","title":"uses the fixed post_logout_redirect_uri and assigns French ui_locales for French logout (variant 4c: client_id)","duration":0.790000000000191,"failureMessages":[],"meta":{}},{"ancestorTitles":["sign-in-core helpers"],"fullName":"sign-in-core helpers includes the current ID token as the RP-initiated logout hint","status":"passed","title":"includes the current ID token as the RP-initiated logout hint","duration":0.5503000000001066,"failureMessages":[],"meta":{}},{"ancestorTitles":["sign-in-core helpers"],"fullName":"sign-in-core helpers reports OIDC as configured when client id and custom domain are set","status":"passed","title":"reports OIDC as configured when client id and custom domain are set","duration":0.34590000000002874,"failureMessages":[],"meta":{}},{"ancestorTitles":["sign-in-core helpers"],"fullName":"sign-in-core helpers creates unique PKCE verifiers and nonces","status":"passed","title":"creates unique PKCE verifiers and nonces","duration":0.5742000000000189,"failureMessages":[],"meta":{}},{"ancestorTitles":["sign-in-core helpers"],"fullName":"sign-in-core helpers sets the PKCE verifier cookie with a 10-minute max age","status":"passed","title":"sets the PKCE verifier cookie with a 10-minute max age","duration":1.0311999999998989,"failureMessages":[],"meta":{}},{"ancestorTitles":["sign-in-core helpers"],"fullName":"sign-in-core helpers sets the OIDC nonce cookie with a 10-minute max age","status":"passed","title":"sets the OIDC nonce cookie with a 10-minute max age","duration":0.36979999999994106,"failureMessages":[],"meta":{}},{"ancestorTitles":["sign-in-core helpers"],"fullName":"sign-in-core helpers sets and consumes the paired OIDC state and return-to cookies","status":"passed","title":"sets and consumes the paired OIDC state and return-to cookies","duration":0.9725000000000819,"failureMessages":[],"meta":{}},{"ancestorTitles":["sign-in-core helpers"],"fullName":"sign-in-core helpers marks cookies secure only in production","status":"passed","title":"marks cookies secure only in production","duration":0.4055000000000746,"failureMessages":[],"meta":{}},{"ancestorTitles":["sign-in-core helpers"],"fullName":"sign-in-core helpers sets auth cookies and returns true when id_token and access_token are present","status":"passed","title":"sets auth cookies and returns true when id_token and access_token are present","duration":0.4229000000000269,"failureMessages":[],"meta":{}},{"ancestorTitles":["sign-in-core helpers"],"fullName":"sign-in-core helpers does not set a refresh_token cookie when the provider omits it","status":"passed","title":"does not set a refresh_token cookie when the provider omits it","duration":0.25040000000012697,"failureMessages":[],"meta":{}},{"ancestorTitles":["sign-in-core helpers"],"fullName":"sign-in-core helpers returns false and sets no cookies when id_token or access_token is missing","status":"passed","title":"returns false and sets no cookies when id_token or access_token is missing","duration":0.23839999999995598,"failureMessages":[],"meta":{}}],"startTime":1790270939915,"endTime":1790270939929.4229,"status":"passed","message":"","name":"C:/Users/dulmi/Documents/GitHub/app.geo.ca-v2/packages/web-app/src/lib/tests/sign-in-core.test.ts"},{"assertionResults":[{"ancestorTitles":["sign-out route redirects"],"fullName":"sign-out route redirects redirects /[lang]/sign-in/logout to language favourites when returnTo is favourites","status":"passed","title":"redirects /[lang]/sign-in/logout to language favourites when returnTo is favourites","duration":3.700599999999895,"failureMessages":[],"meta":{}},{"ancestorTitles":["sign-out route redirects"],"fullName":"sign-out route redirects falls back to /map-browser when /[lang]/sign-in/logout receives unsupported returnTo","status":"passed","title":"falls back to /map-browser when /[lang]/sign-in/logout receives unsupported returnTo","duration":0.4799000000000433,"failureMessages":[],"meta":{}},{"ancestorTitles":["sign-out route redirects"],"fullName":"sign-out route redirects redirects /sign-in/logout to provided favourites return target","status":"passed","title":"redirects /sign-in/logout to provided favourites return target","duration":0.6767999999999574,"failureMessages":[],"meta":{}},{"ancestorTitles":["sign-out route redirects"],"fullName":"sign-out route redirects treats sid-bearing front-channel logout requests as local sign-out and clears auth cookies","status":"passed","title":"treats sid-bearing front-channel logout requests as local sign-out and clears auth cookies","duration":0.46649999999999636,"failureMessages":[],"meta":{}},{"ancestorTitles":["sign-out route redirects"],"fullName":"sign-out route redirects treats logout-marker front-channel requests as local sign-out and clears auth cookies","status":"passed","title":"treats logout-marker front-channel requests as local sign-out and clears auth cookies","duration":0.5184999999999036,"failureMessages":[],"meta":{}},{"ancestorTitles":["sign-out route redirects"],"fullName":"sign-out route redirects uses post_logout_lang cookie to preserve French fallback locale","status":"passed","title":"uses post_logout_lang cookie to preserve French fallback locale","duration":1.4313999999999396,"failureMessages":[],"meta":{}},{"ancestorTitles":["sign-out route redirects"],"fullName":"sign-out route redirects keeps returnTo when /[lang]/sign-in/oidc-logout falls back on localhost","status":"passed","title":"keeps returnTo when /[lang]/sign-in/oidc-logout falls back on localhost","duration":2.7266000000001895,"failureMessages":[],"meta":{}},{"ancestorTitles":["sign-out route redirects"],"fullName":"sign-out route redirects redirects to provider logout URL when available","status":"passed","title":"redirects to provider logout URL when available","duration":1.0708999999999378,"failureMessages":[],"meta":{}},{"ancestorTitles":["sign-out route redirects"],"fullName":"sign-out route redirects passes the current id_token cookie as id_token_hint to request logout variant 4a","status":"passed","title":"passes the current id_token cookie as id_token_hint to request logout variant 4a","duration":1.2739000000001397,"failureMessages":[],"meta":{}}],"startTime":1790270940129,"endTime":1790270940142.274,"status":"passed","message":"","name":"C:/Users/dulmi/Documents/GitHub/app.geo.ca-v2/packages/web-app/src/lib/tests/sign-in-logout-route.test.ts"},{"assertionResults":[{"ancestorTitles":["sign-in post-auth helpers"],"fullName":"sign-in post-auth helpers falls back to map-browser when state points to another origin","status":"passed","title":"falls back to map-browser when state points to another origin","duration":1.4920999999999367,"failureMessages":[],"meta":{}},{"ancestorTitles":["sign-in post-auth helpers"],"fullName":"sign-in post-auth helpers returns favourites path for safe language-scoped logout return target","status":"passed","title":"returns favourites path for safe language-scoped logout return target","duration":0.2700999999999567,"failureMessages":[],"meta":{}},{"ancestorTitles":["sign-in post-auth helpers"],"fullName":"sign-in post-auth helpers falls back to map-browser when logout return target is outside allowed favourites path","status":"passed","title":"falls back to map-browser when logout return target is outside allowed favourites path","duration":0.17039999999997235,"failureMessages":[],"meta":{}},{"ancestorTitles":["completeLocalLogout"],"fullName":"completeLocalLogout clears all auth cookies and resolves the language-scoped redirect path","status":"passed","title":"clears all auth cookies and resolves the language-scoped redirect path","duration":1.1567999999999756,"failureMessages":[],"meta":{}},{"ancestorTitles":["completeLocalLogout"],"fullName":"completeLocalLogout falls back to map-browser when returnTo is unsafe and lang is unknown","status":"passed","title":"falls back to map-browser when returnTo is unsafe and lang is unknown","duration":0.3571999999999207,"failureMessages":[],"meta":{}}],"startTime":1790270940897,"endTime":1790270940900.3572,"status":"passed","message":"","name":"C:/Users/dulmi/Documents/GitHub/app.geo.ca-v2/packages/web-app/src/lib/tests/sign-in-post-auth.test.ts"},{"assertionResults":[{"ancestorTitles":["GET /sign-in/receive"],"fullName":"GET /sign-in/receive redirects to fallback when callback code is missing","status":"passed","title":"redirects to fallback when callback code is missing","duration":6.744500000000016,"failureMessages":[],"meta":{}},{"ancestorTitles":["GET /sign-in/receive"],"fullName":"GET /sign-in/receive redirects to fallback when state token validation fails","status":"passed","title":"redirects to fallback when state token validation fails","duration":1.1444000000001324,"failureMessages":[],"meta":{}},{"ancestorTitles":["GET /sign-in/receive"],"fullName":"GET /sign-in/receive redirects to fallback when token exchange or nonce validation fails","status":"passed","title":"redirects to fallback when token exchange or nonce validation fails","duration":1.353399999999965,"failureMessages":[],"meta":{}},{"ancestorTitles":["GET /sign-in/receive"],"fullName":"GET /sign-in/receive redirects to fallback when the PKCE verifier is missing","status":"passed","title":"redirects to fallback when the PKCE verifier is missing","duration":1.7941000000000713,"failureMessages":[],"meta":{}},{"ancestorTitles":["GET /sign-in/receive"],"fullName":"GET /sign-in/receive redirects to fallback when ID token verification fails","status":"passed","title":"redirects to fallback when ID token verification fails","duration":0.9324999999998909,"failureMessages":[],"meta":{}},{"ancestorTitles":["GET /sign-in/receive"],"fullName":"GET /sign-in/receive redirects to fallback when setting auth cookies fails","status":"passed","title":"redirects to fallback when setting auth cookies fails","duration":0.912499999999909,"failureMessages":[],"meta":{}},{"ancestorTitles":["GET /sign-in/receive"],"fullName":"GET /sign-in/receive redirects to resolved post-auth path on successful callback handling","status":"passed","title":"redirects to resolved post-auth path on successful callback handling","duration":1.7147999999999683,"failureMessages":[],"meta":{}}],"startTime":1790270939962,"endTime":1790270939976.7148,"status":"passed","message":"","name":"C:/Users/dulmi/Documents/GitHub/app.geo.ca-v2/packages/web-app/src/lib/tests/sign-in-receive-route.test.ts"},{"assertionResults":[{"ancestorTitles":["GET /[lang]/sign-in/send"],"fullName":"GET /[lang]/sign-in/send redirects to language fallback when sign-in URL cannot be created","status":"passed","title":"redirects to language fallback when sign-in URL cannot be created","duration":4.187799999999925,"failureMessages":[],"meta":{}},{"ancestorTitles":["GET /[lang]/sign-in/send"],"fullName":"GET /[lang]/sign-in/send sets one-time cookies and redirects to provider URL when configured","status":"passed","title":"sets one-time cookies and redirects to provider URL when configured","duration":2.4833000000000993,"failureMessages":[],"meta":{}}],"startTime":1790270939743,"endTime":1790270939750.4834,"status":"passed","message":"","name":"C:/Users/dulmi/Documents/GitHub/app.geo.ca-v2/packages/web-app/src/lib/tests/sign-in-send-route.test.ts"}]}