{"numTotalTestSuites":2,"numPassedTestSuites":2,"numFailedTestSuites":0,"numPendingTestSuites":0,"numTotalTests":5,"numPassedTests":5,"numFailedTests":0,"numPendingTests":0,"numTodoTests":0,"snapshot":{"added":0,"failure":false,"filesAdded":0,"filesRemoved":0,"filesRemovedList":[],"filesUnmatched":0,"filesUpdated":0,"matched":0,"total":0,"unchecked":0,"uncheckedKeysByFile":[],"unmatched":0,"updated":0,"didUpdate":false},"startTime":1785423009237,"success":true,"testResults":[{"assertionResults":[{"ancestorTitles":["sign-in-core helpers"],"fullName":"sign-in-core helpers creates the RFC7636 S256 code challenge from a known verifier","status":"passed","title":"creates the RFC7636 S256 code challenge from a known verifier","duration":2.4442999999998847,"failureMessages":[],"meta":{}},{"ancestorTitles":["sign-in-core helpers"],"fullName":"sign-in-core helpers consumes and clears the PKCE verifier cookie","status":"passed","title":"consumes and clears the PKCE verifier cookie","duration":1.368900000000167,"failureMessages":[],"meta":{}},{"ancestorTitles":["sign-in-core helpers"],"fullName":"sign-in-core helpers clears the nonce cookie even when the value is missing","status":"passed","title":"clears the nonce cookie even when the value is missing","duration":0.5506000000000313,"failureMessages":[],"meta":{}},{"ancestorTitles":["sign-in-core helpers"],"fullName":"sign-in-core helpers builds authorize URL with configured requested scopes","status":"passed","title":"builds authorize URL with configured requested scopes","duration":1.3139000000001033,"failureMessages":[],"meta":{}},{"ancestorTitles":["sign-in-core helpers"],"fullName":"sign-in-core helpers sets ui_locales to fr-CA when state points to a French route","status":"passed","title":"sets ui_locales to fr-CA when state points to a French route","duration":0.4650000000001455,"failureMessages":[],"meta":{}}],"startTime":1785423010661,"endTime":1785423010667.465,"status":"passed","message":"","name":"C:/Users/dulmi/Documents/GitHub/app.geo.ca-v2/packages/web-app/src/lib/tests/sign-in-core.test.ts"}]}